# JRE version: OpenJDK Runtime Environment (8.0_76-b03) (build 1.8.0_76-release-b03)
# Java VM: OpenJDK 64-Bit Server VM (25.76-b03 mixed mode linux-amd64 compressed oops)
Heap:
 PSYoungGen      total 395776K, used 0K [0x00000000e0000000, 0x00000000ff680000, 0x0000000100000000)
  eden space 284672K, 0% used [0x00000000e0000000,0x00000000e0000000,0x00000000f1600000)
  from space 111104K, 0% used [0x00000000f1600000,0x00000000f1600000,0x00000000f8280000)
  to   space 105472K, 0% used [0x00000000f8f80000,0x00000000f8f80000,0x00000000ff680000)
 ParOldGen       total 492544K, used 434611K [0x00000000a0000000, 0x00000000be100000, 0x00000000e0000000)
  object space 492544K, 88% used [0x00000000a0000000,0x00000000ba86ccd8,0x00000000be100000)
 Metaspace       used 69455K, capacity 71040K, committed 73984K, reserved 1114112K
  class space    used 8726K, capacity 9057K, committed 9728K, reserved 1048576K
GC Heap History (10 events):
Event: 1619.982 GC heap after
Heap after GC invocations=54 (full 9):
 PSYoungGen      total 310272K, used 43403K [0x00000000e0000000, 0x00000000ff580000, 0x0000000100000000)
  eden space 266752K, 0% used [0x00000000e0000000,0x00000000e0000000,0x00000000f0480000)
  from space 43520K, 99% used [0x00000000f0480000,0x00000000f2ee2f20,0x00000000f2f00000)
  to   space 120832K, 0% used [0x00000000f7f80000,0x00000000f7f80000,0x00000000ff580000)
 ParOldGen       total 492544K, used 321975K [0x00000000a0000000, 0x00000000be100000, 0x00000000e0000000)
  object space 492544K, 65% used [0x00000000a0000000,0x00000000b3a6dc80,0x00000000be100000)
 Metaspace       used 69264K, capacity 70778K, committed 73984K, reserved 1114112K
  class space    used 8702K, capacity 9008K, committed 9728K, reserved 1048576K
}
Event: 1620.010 GC heap before
{Heap before GC invocations=55 (full 9):
 PSYoungGen      total 310272K, used 52921K [0x00000000e0000000, 0x00000000ff580000, 0x0000000100000000)
  eden space 266752K, 3% used [0x00000000e0000000,0x00000000e094b550,0x00000000f0480000)
  from space 43520K, 99% used [0x00000000f0480000,0x00000000f2ee2f20,0x00000000f2f00000)
  to   space 120832K, 0% used [0x00000000f7f80000,0x00000000f7f80000,0x00000000ff580000)
 ParOldGen       total 492544K, used 321975K [0x00000000a0000000, 0x00000000be100000, 0x00000000e0000000)
  object space 492544K, 65% used [0x00000000a0000000,0x00000000b3a6dc80,0x00000000be100000)
 Metaspace       used 69264K, capacity 70778K, committed 73984K, reserved 1114112K
  class space    used 8702K, capacity 9008K, committed 9728K, reserved 1048576K
Event: 1620.105 GC heap after
Heap after GC invocations=55 (full 9):
 PSYoungGen      total 390656K, used 2016K [0x00000000e0000000, 0x0000000100000000, 0x0000000100000000)
  eden space 269824K, 0% used [0x00000000e0000000,0x00000000e0000000,0x00000000f0780000)
  from space 120832K, 1% used [0x00000000f7f80000,0x00000000f8178000,0x00000000ff580000)
  to   space 122880K, 0% used [0x00000000f0780000,0x00000000f0780000,0x00000000f7f80000)
 ParOldGen       total 492544K, used 363711K [0x00000000a0000000, 0x00000000be100000, 0x00000000e0000000)
  object space 492544K, 73% used [0x00000000a0000000,0x00000000b632fce0,0x00000000be100000)
 Metaspace       used 69264K, capacity 70778K, committed 73984K, reserved 1114112K
  class space    used 8702K, capacity 9008K, committed 9728K, reserved 1048576K
}
Event: 1620.741 GC heap before
{Heap before GC invocations=56 (full 9):
 PSYoungGen      total 390656K, used 271840K [0x00000000e0000000, 0x0000000100000000, 0x0000000100000000)
  eden space 269824K, 100% used [0x00000000e0000000,0x00000000f0780000,0x00000000f0780000)
  from space 120832K, 1% used [0x00000000f7f80000,0x00000000f8178000,0x00000000ff580000)
  to   space 122880K, 0% used [0x00000000f0780000,0x00000000f0780000,0x00000000f7f80000)
 ParOldGen       total 492544K, used 363711K [0x00000000a0000000, 0x00000000be100000, 0x00000000e0000000)
  object space 492544K, 73% used [0x00000000a0000000,0x00000000b632fce0,0x00000000be100000)
 Metaspace       used 69327K, capacity 70872K, committed 73984K, reserved 1114112K
  class space    used 8713K, capacity 9013K, committed 9728K, reserved 1048576K
Event: 1620.826 GC heap after
Heap after GC invocations=56 (full 9):
 PSYoungGen      total 392704K, used 39658K [0x00000000e0000000, 0x00000000ff600000, 0x0000000100000000)
  eden space 269824K, 0% used [0x00000000e0000000,0x00000000e0000000,0x00000000f0780000)
  from space 122880K, 32% used [0x00000000f0780000,0x00000000f2e3ab30,0x00000000f7f80000)
  to   space 116736K, 0% used [0x00000000f8400000,0x00000000f8400000,0x00000000ff600000)
 ParOldGen       total 492544K, used 364575K [0x00000000a0000000, 0x00000000be100000, 0x00000000e0000000)
  object space 492544K, 74% used [0x00000000a0000000,0x00000000b6407ce0,0x00000000be100000)
 Metaspace       used 69327K, capacity 70872K, committed 73984K, reserved 1114112K
  class space    used 8713K, capacity 9013K, committed 9728K, reserved 1048576K
}
Event: 1621.433 GC heap before
{Heap before GC invocations=57 (full 9):
 PSYoungGen      total 392704K, used 309482K [0x00000000e0000000, 0x00000000ff600000, 0x0000000100000000)
  eden space 269824K, 100% used [0x00000000e0000000,0x00000000f0780000,0x00000000f0780000)
  from space 122880K, 32% used [0x00000000f0780000,0x00000000f2e3ab30,0x00000000f7f80000)
  to   space 116736K, 0% used [0x00000000f8400000,0x00000000f8400000,0x00000000ff600000)
 ParOldGen       total 492544K, used 364575K [0x00000000a0000000, 0x00000000be100000, 0x00000000e0000000)
  object space 492544K, 74% used [0x00000000a0000000,0x00000000b6407ce0,0x00000000be100000)
 Metaspace       used 69384K, capacity 70944K, committed 73984K, reserved 1114112K
  class space    used 8719K, capacity 9025K, committed 9728K, reserved 1048576K
Event: 1621.580 GC heap after
Heap after GC invocations=57 (full 9):
 PSYoungGen      total 394240K, used 38994K [0x00000000e0000000, 0x00000000fef00000, 0x0000000100000000)
  eden space 284672K, 0% used [0x00000000e0000000,0x00000000e0000000,0x00000000f1600000)
  from space 109568K, 35% used [0x00000000f8400000,0x00000000faa149a0,0x00000000fef00000)
  to   space 111104K, 0% used [0x00000000f1600000,0x00000000f1600000,0x00000000f8280000)
 ParOldGen       total 492544K, used 401767K [0x00000000a0000000, 0x00000000be100000, 0x00000000e0000000)
  object space 492544K, 81% used [0x00000000a0000000,0x00000000b8859d78,0x00000000be100000)
 Metaspace       used 69384K, capacity 70944K, committed 73984K, reserved 1114112K
  class space    used 8719K, capacity 9025K, committed 9728K, reserved 1048576K
}
Event: 1622.176 GC heap before
{Heap before GC invocations=58 (full 9):
 PSYoungGen      total 394240K, used 323666K [0x00000000e0000000, 0x00000000fef00000, 0x0000000100000000)
  eden space 284672K, 100% used [0x00000000e0000000,0x00000000f1600000,0x00000000f1600000)
  from space 109568K, 35% used [0x00000000f8400000,0x00000000faa149a0,0x00000000fef00000)
  to   space 111104K, 0% used [0x00000000f1600000,0x00000000f1600000,0x00000000f8280000)
 ParOldGen       total 492544K, used 401767K [0x00000000a0000000, 0x00000000be100000, 0x00000000e0000000)
  object space 492544K, 81% used [0x00000000a0000000,0x00000000b8859d78,0x00000000be100000)
 Metaspace       used 69455K, capacity 71040K, committed 73984K, reserved 1114112K
  class space    used 8726K, capacity 9057K, committed 9728K, reserved 1048576K
Event: 1622.295 GC heap after
Heap after GC invocations=58 (full 9):
 PSYoungGen      total 395776K, used 40306K [0x00000000e0000000, 0x00000000ff680000, 0x0000000100000000)
  eden space 284672K, 0% used [0x00000000e0000000,0x00000000e0000000,0x00000000f1600000)
  from space 111104K, 36% used [0x00000000f1600000,0x00000000f3d5ca00,0x00000000f8280000)
  to   space 105472K, 0% used [0x00000000f8f80000,0x00000000f8f80000,0x00000000ff680000)
 ParOldGen       total 492544K, used 433883K [0x00000000a0000000, 0x00000000be100000, 0x00000000e0000000)
  object space 492544K, 88% used [0x00000000a0000000,0x00000000ba7b6dd0,0x00000000be100000)
 Metaspace       used 69455K, capacity 71040K, committed 73984K, reserved 1114112K
  class space    used 8726K, capacity 9057K, committed 9728K, reserved 1048576K
}
Event: 1622.295 GC heap before
{Heap before GC invocations=59 (full 10):
 PSYoungGen      total 395776K, used 40306K [0x00000000e0000000, 0x00000000ff680000, 0x0000000100000000)
  eden space 284672K, 0% used [0x00000000e0000000,0x00000000e0000000,0x00000000f1600000)
  from space 111104K, 36% used [0x00000000f1600000,0x00000000f3d5ca00,0x00000000f8280000)
  to   space 105472K, 0% used [0x00000000f8f80000,0x00000000f8f80000,0x00000000ff680000)
 ParOldGen       total 492544K, used 433883K [0x00000000a0000000, 0x00000000be100000, 0x00000000e0000000)
  object space 492544K, 88% used [0x00000000a0000000,0x00000000ba7b6dd0,0x00000000be100000)
 Metaspace       used 69455K, capacity 71040K, committed 73984K, reserved 1114112K
  class space    used 8726K, capacity 9057K, committed 9728K, reserved 1048576K

