# JRE version: OpenJDK Runtime Environment (8.0_112-b06) (build 1.8.0_112-release-b06)
# Java VM: OpenJDK 64-Bit Server VM (25.112-b06 mixed mode linux-amd64 compressed oops)
Heap:
 PSYoungGen      total 238592K, used 34810K [0x00000000e0000000, 0x00000000f1380000, 0x0000000100000000)
  eden space 203776K, 0% used [0x00000000e0000000,0x00000000e0000000,0x00000000ec700000)
  from space 34816K, 99% used [0x00000000ec700000,0x00000000ee8fe9b8,0x00000000ee900000)
  to   space 28160K, 0% used [0x00000000ee900000,0x00000000ee900000,0x00000000f0480000)
 ParOldGen       total 109056K, used 82232K [0x00000000a0000000, 0x00000000a6a80000, 0x00000000e0000000)
  object space 109056K, 75% used [0x00000000a0000000,0x00000000a504e060,0x00000000a6a80000)
 Metaspace       used 77350K, capacity 79438K, committed 79536K, reserved 1118208K
  class space    used 9394K, capacity 9858K, committed 9904K, reserved 1048576K
GC Heap History (10 events):
Event: 83.709 GC heap after
Heap after GC invocations=23 (full 3):
 PSYoungGen      total 175616K, used 13336K [0x00000000e0000000, 0x00000000ec280000, 0x0000000100000000)
  eden space 158208K, 0% used [0x00000000e0000000,0x00000000e0000000,0x00000000e9a80000)
  from space 17408K, 76% used [0x00000000eb180000,0x00000000ebe86118,0x00000000ec280000)
  to   space 20480K, 0% used [0x00000000e9a80000,0x00000000e9a80000,0x00000000eae80000)
 ParOldGen       total 109056K, used 49718K [0x00000000a0000000, 0x00000000a6a80000, 0x00000000e0000000)
  object space 109056K, 45% used [0x00000000a0000000,0x00000000a308dbb0,0x00000000a6a80000)
 Metaspace       used 63366K, capacity 65170K, committed 65456K, reserved 1105920K
  class space    used 8089K, capacity 8510K, committed 8624K, reserved 1048576K
}
Event: 88.253 GC heap before
{Heap before GC invocations=24 (full 3):
 PSYoungGen      total 175616K, used 171544K [0x00000000e0000000, 0x00000000ec280000, 0x0000000100000000)
  eden space 158208K, 100% used [0x00000000e0000000,0x00000000e9a80000,0x00000000e9a80000)
  from space 17408K, 76% used [0x00000000eb180000,0x00000000ebe86118,0x00000000ec280000)
  to   space 20480K, 0% used [0x00000000e9a80000,0x00000000e9a80000,0x00000000eae80000)
 ParOldGen       total 109056K, used 49718K [0x00000000a0000000, 0x00000000a6a80000, 0x00000000e0000000)
  object space 109056K, 45% used [0x00000000a0000000,0x00000000a308dbb0,0x00000000a6a80000)
 Metaspace       used 72329K, capacity 74156K, committed 74672K, reserved 1114112K
  class space    used 8904K, capacity 9325K, committed 9392K, reserved 1048576K
Event: 88.311 GC heap after
Heap after GC invocations=24 (full 3):
 PSYoungGen      total 178688K, used 20468K [0x00000000e0000000, 0x00000000ee000000, 0x0000000100000000)
  eden space 158208K, 0% used [0x00000000e0000000,0x00000000e0000000,0x00000000e9a80000)
  from space 20480K, 99% used [0x00000000e9a80000,0x00000000eae7d000,0x00000000eae80000)
  to   space 25088K, 0% used [0x00000000ec780000,0x00000000ec780000,0x00000000ee000000)
 ParOldGen       total 109056K, used 53409K [0x00000000a0000000, 0x00000000a6a80000, 0x00000000e0000000)
  object space 109056K, 48% used [0x00000000a0000000,0x00000000a34285f0,0x00000000a6a80000)
 Metaspace       used 72329K, capacity 74156K, committed 74672K, reserved 1114112K
  class space    used 8904K, capacity 9325K, committed 9392K, reserved 1048576K
}
Event: 90.285 GC heap before
{Heap before GC invocations=25 (full 3):
 PSYoungGen      total 178688K, used 178676K [0x00000000e0000000, 0x00000000ee000000, 0x0000000100000000)
  eden space 158208K, 100% used [0x00000000e0000000,0x00000000e9a80000,0x00000000e9a80000)
  from space 20480K, 99% used [0x00000000e9a80000,0x00000000eae7d000,0x00000000eae80000)
  to   space 25088K, 0% used [0x00000000ec780000,0x00000000ec780000,0x00000000ee000000)
 ParOldGen       total 109056K, used 53409K [0x00000000a0000000, 0x00000000a6a80000, 0x00000000e0000000)
  object space 109056K, 48% used [0x00000000a0000000,0x00000000a34285f0,0x00000000a6a80000)
 Metaspace       used 72549K, capacity 74420K, committed 74928K, reserved 1114112K
  class space    used 8910K, capacity 9327K, committed 9392K, reserved 1048576K
Event: 90.388 GC heap after
Heap after GC invocations=25 (full 3):
 PSYoungGen      total 204288K, used 15037K [0x00000000e0000000, 0x00000000ee880000, 0x0000000100000000)
  eden space 179200K, 0% used [0x00000000e0000000,0x00000000e0000000,0x00000000eaf00000)
  from space 25088K, 59% used [0x00000000ec780000,0x00000000ed62f788,0x00000000ee000000)
  to   space 25088K, 0% used [0x00000000eaf00000,0x00000000eaf00000,0x00000000ec780000)
 ParOldGen       total 109056K, used 53417K [0x00000000a0000000, 0x00000000a6a80000, 0x00000000e0000000)
  object space 109056K, 48% used [0x00000000a0000000,0x00000000a342a5f0,0x00000000a6a80000)
 Metaspace       used 72549K, capacity 74420K, committed 74928K, reserved 1114112K
  class space    used 8910K, capacity 9327K, committed 9392K, reserved 1048576K
}
Event: 93.761 GC heap before
{Heap before GC invocations=26 (full 3):
 PSYoungGen      total 204288K, used 194237K [0x00000000e0000000, 0x00000000ee880000, 0x0000000100000000)
  eden space 179200K, 100% used [0x00000000e0000000,0x00000000eaf00000,0x00000000eaf00000)
  from space 25088K, 59% used [0x00000000ec780000,0x00000000ed62f788,0x00000000ee000000)
  to   space 25088K, 0% used [0x00000000eaf00000,0x00000000eaf00000,0x00000000ec780000)
 ParOldGen       total 109056K, used 53417K [0x00000000a0000000, 0x00000000a6a80000, 0x00000000e0000000)
  object space 109056K, 48% used [0x00000000a0000000,0x00000000a342a5f0,0x00000000a6a80000)
 Metaspace       used 75076K, capacity 77044K, committed 77232K, reserved 1116160K
  class space    used 9160K, capacity 9605K, committed 9648K, reserved 1048576K
Event: 93.800 GC heap after
Heap after GC invocations=26 (full 3):
 PSYoungGen      total 204288K, used 24215K [0x00000000e0000000, 0x00000000f0480000, 0x0000000100000000)
  eden space 179200K, 0% used [0x00000000e0000000,0x00000000e0000000,0x00000000eaf00000)
  from space 25088K, 96% used [0x00000000eaf00000,0x00000000ec6a5ce0,0x00000000ec780000)
  to   space 28160K, 0% used [0x00000000ee900000,0x00000000ee900000,0x00000000f0480000)
 ParOldGen       total 109056K, used 53444K [0x00000000a0000000, 0x00000000a6a80000, 0x00000000e0000000)
  object space 109056K, 49% used [0x00000000a0000000,0x00000000a3431240,0x00000000a6a80000)
 Metaspace       used 75076K, capacity 77044K, committed 77232K, reserved 1116160K
  class space    used 9160K, capacity 9605K, committed 9648K, reserved 1048576K
}
Event: 96.235 GC heap before
{Heap before GC invocations=27 (full 3):
 PSYoungGen      total 204288K, used 203415K [0x00000000e0000000, 0x00000000f0480000, 0x0000000100000000)
  eden space 179200K, 100% used [0x00000000e0000000,0x00000000eaf00000,0x00000000eaf00000)
  from space 25088K, 96% used [0x00000000eaf00000,0x00000000ec6a5ce0,0x00000000ec780000)
  to   space 28160K, 0% used [0x00000000ee900000,0x00000000ee900000,0x00000000f0480000)
 ParOldGen       total 109056K, used 53444K [0x00000000a0000000, 0x00000000a6a80000, 0x00000000e0000000)
  object space 109056K, 49% used [0x00000000a0000000,0x00000000a3431240,0x00000000a6a80000)
 Metaspace       used 76318K, capacity 78230K, committed 78640K, reserved 1118208K
  class space    used 9256K, capacity 9702K, committed 9776K, reserved 1048576K
Event: 96.306 GC heap after
Heap after GC invocations=27 (full 3):
 PSYoungGen      total 231936K, used 28153K [0x00000000e0000000, 0x00000000f1380000, 0x0000000100000000)
  eden space 203776K, 0% used [0x00000000e0000000,0x00000000e0000000,0x00000000ec700000)
  from space 28160K, 99% used [0x00000000ee900000,0x00000000f047e6b0,0x00000000f0480000)
  to   space 34816K, 0% used [0x00000000ec700000,0x00000000ec700000,0x00000000ee900000)
 ParOldGen       total 109056K, used 60586K [0x00000000a0000000, 0x00000000a6a80000, 0x00000000e0000000)
  object space 109056K, 55% used [0x00000000a0000000,0x00000000a3b2aa70,0x00000000a6a80000)
 Metaspace       used 76318K, capacity 78230K, committed 78640K, reserved 1118208K
  class space    used 9256K, capacity 9702K, committed 9776K, reserved 1048576K
}
Event: 115.793 GC heap before
{Heap before GC invocations=28 (full 3):
 PSYoungGen      total 231936K, used 231929K [0x00000000e0000000, 0x00000000f1380000, 0x0000000100000000)
  eden space 203776K, 100% used [0x00000000e0000000,0x00000000ec700000,0x00000000ec700000)
  from space 28160K, 99% used [0x00000000ee900000,0x00000000f047e6b0,0x00000000f0480000)
  to   space 34816K, 0% used [0x00000000ec700000,0x00000000ec700000,0x00000000ee900000)
 ParOldGen       total 109056K, used 67184K [0x00000000a0000000, 0x00000000a6a80000, 0x00000000e0000000)
  object space 109056K, 61% used [0x00000000a0000000,0x00000000a419c380,0x00000000a6a80000)
 Metaspace       used 77350K, capacity 79438K, committed 79536K, reserved 1118208K
  class space    used 9394K, capacity 9858K, committed 9904K, reserved 1048576K

