# JRE version: OpenJDK Runtime Environment (8.0_112-b06) (build 1.8.0_112-release-b06)
# Java VM: OpenJDK 64-Bit Server VM (25.112-b06 mixed mode linux-amd64 compressed oops)
Heap:
 PSYoungGen      total 319488K, used 4051K [0x00000000e0000000, 0x00000000f6500000, 0x0000000100000000)
  eden space 284160K, 0% used [0x00000000e0000000,0x00000000e0000000,0x00000000f1580000)
  from space 35328K, 11% used [0x00000000f1580000,0x00000000f1974f80,0x00000000f3800000)
  to   space 20992K, 0% used [0x00000000f3800000,0x00000000f3800000,0x00000000f4c80000)
 ParOldGen       total 131584K, used 68315K [0x00000000a0000000, 0x00000000a8080000, 0x00000000e0000000)
  object space 131584K, 51% used [0x00000000a0000000,0x00000000a42b6f80,0x00000000a8080000)
 Metaspace       used 75816K, capacity 77760K, committed 78104K, reserved 1118208K
  class space    used 9334K, capacity 9749K, committed 9776K, reserved 1048576K
GC Heap History (10 events):
Event: 122.619 GC heap after
Heap after GC invocations=16 (full 2):
 PSYoungGen      total 227840K, used 10556K [0x00000000e0000000, 0x00000000f0880000, 0x0000000100000000)
  eden space 210432K, 0% used [0x00000000e0000000,0x00000000e0000000,0x00000000ecd80000)
  from space 17408K, 60% used [0x00000000ede80000,0x00000000ee8cf188,0x00000000eef80000)
  to   space 17408K, 0% used [0x00000000ecd80000,0x00000000ecd80000,0x00000000ede80000)
 ParOldGen       total 52224K, used 36675K [0x00000000a0000000, 0x00000000a3300000, 0x00000000e0000000)
  object space 52224K, 70% used [0x00000000a0000000,0x00000000a23d0f68,0x00000000a3300000)
 Metaspace       used 57246K, capacity 59032K, committed 59160K, reserved 1099776K
  class space    used 7486K, capacity 7889K, committed 7984K, reserved 1048576K
}
Event: 122.619 GC heap before
{Heap before GC invocations=17 (full 3):
 PSYoungGen      total 227840K, used 10556K [0x00000000e0000000, 0x00000000f0880000, 0x0000000100000000)
  eden space 210432K, 0% used [0x00000000e0000000,0x00000000e0000000,0x00000000ecd80000)
  from space 17408K, 60% used [0x00000000ede80000,0x00000000ee8cf188,0x00000000eef80000)
  to   space 17408K, 0% used [0x00000000ecd80000,0x00000000ecd80000,0x00000000ede80000)
 ParOldGen       total 52224K, used 36675K [0x00000000a0000000, 0x00000000a3300000, 0x00000000e0000000)
  object space 52224K, 70% used [0x00000000a0000000,0x00000000a23d0f68,0x00000000a3300000)
 Metaspace       used 57246K, capacity 59032K, committed 59160K, reserved 1099776K
  class space    used 7486K, capacity 7889K, committed 7984K, reserved 1048576K
Event: 122.988 GC heap after
Heap after GC invocations=17 (full 3):
 PSYoungGen      total 227840K, used 0K [0x00000000e0000000, 0x00000000f0880000, 0x0000000100000000)
  eden space 210432K, 0% used [0x00000000e0000000,0x00000000e0000000,0x00000000ecd80000)
  from space 17408K, 0% used [0x00000000ede80000,0x00000000ede80000,0x00000000eef80000)
  to   space 17408K, 0% used [0x00000000ecd80000,0x00000000ecd80000,0x00000000ede80000)
 ParOldGen       total 80384K, used 36071K [0x00000000a0000000, 0x00000000a4e80000, 0x00000000e0000000)
  object space 80384K, 44% used [0x00000000a0000000,0x00000000a2339ed0,0x00000000a4e80000)
 Metaspace       used 57246K, capacity 59032K, committed 59160K, reserved 1099776K
  class space    used 7486K, capacity 7889K, committed 7984K, reserved 1048576K
}
Event: 141.712 GC heap before
{Heap before GC invocations=18 (full 3):
 PSYoungGen      total 227840K, used 210432K [0x00000000e0000000, 0x00000000f0880000, 0x0000000100000000)
  eden space 210432K, 100% used [0x00000000e0000000,0x00000000ecd80000,0x00000000ecd80000)
  from space 17408K, 0% used [0x00000000ede80000,0x00000000ede80000,0x00000000eef80000)
  to   space 17408K, 0% used [0x00000000ecd80000,0x00000000ecd80000,0x00000000ede80000)
 ParOldGen       total 80384K, used 36071K [0x00000000a0000000, 0x00000000a4e80000, 0x00000000e0000000)
  object space 80384K, 44% used [0x00000000a0000000,0x00000000a2339ed0,0x00000000a4e80000)
 Metaspace       used 62893K, capacity 64832K, committed 64920K, reserved 1105920K
  class space    used 8166K, capacity 8601K, committed 8624K, reserved 1048576K
Event: 141.793 GC heap after
Heap after GC invocations=18 (full 3):
 PSYoungGen      total 227840K, used 17402K [0x00000000e0000000, 0x00000000f4c80000, 0x0000000100000000)
  eden space 210432K, 0% used [0x00000000e0000000,0x00000000e0000000,0x00000000ecd80000)
  from space 17408K, 99% used [0x00000000ecd80000,0x00000000ede7eb08,0x00000000ede80000)
  to   space 20992K, 0% used [0x00000000f3800000,0x00000000f3800000,0x00000000f4c80000)
 ParOldGen       total 80384K, used 38973K [0x00000000a0000000, 0x00000000a4e80000, 0x00000000e0000000)
  object space 80384K, 48% used [0x00000000a0000000,0x00000000a260f488,0x00000000a4e80000)
 Metaspace       used 62893K, capacity 64832K, committed 64920K, reserved 1105920K
  class space    used 8166K, capacity 8601K, committed 8624K, reserved 1048576K
}
Event: 152.120 GC heap before
{Heap before GC invocations=19 (full 3):
 PSYoungGen      total 227840K, used 227834K [0x00000000e0000000, 0x00000000f4c80000, 0x0000000100000000)
  eden space 210432K, 100% used [0x00000000e0000000,0x00000000ecd80000,0x00000000ecd80000)
  from space 17408K, 99% used [0x00000000ecd80000,0x00000000ede7eb08,0x00000000ede80000)
  to   space 20992K, 0% used [0x00000000f3800000,0x00000000f3800000,0x00000000f4c80000)
 ParOldGen       total 80384K, used 38973K [0x00000000a0000000, 0x00000000a4e80000, 0x00000000e0000000)
  object space 80384K, 48% used [0x00000000a0000000,0x00000000a260f488,0x00000000a4e80000)
 Metaspace       used 74744K, capacity 76724K, committed 77080K, reserved 1116160K
  class space    used 9271K, capacity 9683K, committed 9776K, reserved 1048576K
Event: 152.262 GC heap after
Heap after GC invocations=19 (full 3):
 PSYoungGen      total 305152K, used 20962K [0x00000000e0000000, 0x00000000f6500000, 0x0000000100000000)
  eden space 284160K, 0% used [0x00000000e0000000,0x00000000e0000000,0x00000000f1580000)
  from space 20992K, 99% used [0x00000000f3800000,0x00000000f4c78be8,0x00000000f4c80000)
  to   space 35328K, 0% used [0x00000000f1580000,0x00000000f1580000,0x00000000f3800000)
 ParOldGen       total 80384K, used 70004K [0x00000000a0000000, 0x00000000a4e80000, 0x00000000e0000000)
  object space 80384K, 87% used [0x00000000a0000000,0x00000000a445d3e8,0x00000000a4e80000)
 Metaspace       used 74744K, capacity 76724K, committed 77080K, reserved 1116160K
  class space    used 9271K, capacity 9683K, committed 9776K, reserved 1048576K
}
Event: 152.262 GC heap before
{Heap before GC invocations=20 (full 4):
 PSYoungGen      total 305152K, used 20962K [0x00000000e0000000, 0x00000000f6500000, 0x0000000100000000)
  eden space 284160K, 0% used [0x00000000e0000000,0x00000000e0000000,0x00000000f1580000)
  from space 20992K, 99% used [0x00000000f3800000,0x00000000f4c78be8,0x00000000f4c80000)
  to   space 35328K, 0% used [0x00000000f1580000,0x00000000f1580000,0x00000000f3800000)
 ParOldGen       total 80384K, used 70004K [0x00000000a0000000, 0x00000000a4e80000, 0x00000000e0000000)
  object space 80384K, 87% used [0x00000000a0000000,0x00000000a445d3e8,0x00000000a4e80000)
 Metaspace       used 74744K, capacity 76724K, committed 77080K, reserved 1116160K
  class space    used 9271K, capacity 9683K, committed 9776K, reserved 1048576K
Event: 153.106 GC heap after
Heap after GC invocations=20 (full 4):
 PSYoungGen      total 305152K, used 0K [0x00000000e0000000, 0x00000000f6500000, 0x0000000100000000)
  eden space 284160K, 0% used [0x00000000e0000000,0x00000000e0000000,0x00000000f1580000)
  from space 20992K, 0% used [0x00000000f3800000,0x00000000f3800000,0x00000000f4c80000)
  to   space 35328K, 0% used [0x00000000f1580000,0x00000000f1580000,0x00000000f3800000)
 ParOldGen       total 131584K, used 68315K [0x00000000a0000000, 0x00000000a8080000, 0x00000000e0000000)
  object space 131584K, 51% used [0x00000000a0000000,0x00000000a42b6f80,0x00000000a8080000)
 Metaspace       used 74743K, capacity 76718K, committed 77080K, reserved 1116160K
  class space    used 9270K, capacity 9682K, committed 9776K, reserved 1048576K
}
Event: 165.346 GC heap before
{Heap before GC invocations=21 (full 4):
 PSYoungGen      total 305152K, used 284160K [0x00000000e0000000, 0x00000000f6500000, 0x0000000100000000)
  eden space 284160K, 100% used [0x00000000e0000000,0x00000000f1580000,0x00000000f1580000)
  from space 20992K, 0% used [0x00000000f3800000,0x00000000f3800000,0x00000000f4c80000)
  to   space 35328K, 0% used [0x00000000f1580000,0x00000000f1580000,0x00000000f3800000)
 ParOldGen       total 131584K, used 68315K [0x00000000a0000000, 0x00000000a8080000, 0x00000000e0000000)
  object space 131584K, 51% used [0x00000000a0000000,0x00000000a42b6f80,0x00000000a8080000)
 Metaspace       used 75816K, capacity 77760K, committed 78104K, reserved 1118208K
  class space    used 9334K, capacity 9749K, committed 9776K, reserved 1048576K

