# JRE version: OpenJDK Runtime Environment (8.0_76-b03) (build 1.8.0_76-release-b03)
# Java VM: OpenJDK 64-Bit Server VM (25.76-b03 mixed mode linux-amd64 compressed oops)
Heap:
 PSYoungGen      total 442368K, used 0K [0x00000000e0000000, 0x0000000100000000, 0x0000000100000000)
  eden space 396288K, 0% used [0x00000000e0000000,0x00000000e0000000,0x00000000f8300000)
  from space 46080K, 0% used [0x00000000fd300000,0x00000000fd300000,0x0000000100000000)
  to   space 64000K, 0% used [0x00000000f8300000,0x00000000f8300000,0x00000000fc180000)
 ParOldGen       total 135680K, used 106406K [0x00000000a0000000, 0x00000000a8480000, 0x00000000e0000000)
  object space 135680K, 78% used [0x00000000a0000000,0x00000000a67e9a18,0x00000000a8480000)
 Metaspace       used 63594K, capacity 65380K, committed 65536K, reserved 1105920K
  class space    used 8164K, capacity 8584K, committed 8704K, reserved 1048576K
GC Heap History (10 events):
Event: 31.935 GC heap after
Heap after GC invocations=22 (full 3):
 PSYoungGen      total 323584K, used 15333K [0x00000000e0000000, 0x00000000fa080000, 0x0000000100000000)
  eden space 308224K, 0% used [0x00000000e0000000,0x00000000e0000000,0x00000000f2d00000)
  from space 15360K, 99% used [0x00000000f2d00000,0x00000000f3bf95b0,0x00000000f3c00000)
  to   space 21504K, 0% used [0x00000000f8b80000,0x00000000f8b80000,0x00000000fa080000)
 ParOldGen       total 74752K, used 47208K [0x00000000a0000000, 0x00000000a4900000, 0x00000000e0000000)
  object space 74752K, 63% used [0x00000000a0000000,0x00000000a2e1a168,0x00000000a4900000)
 Metaspace       used 62592K, capacity 64360K, committed 64384K, reserved 1105920K
  class space    used 8127K, capacity 8560K, committed 8576K, reserved 1048576K
}
Event: 34.493 GC heap before
{Heap before GC invocations=23 (full 3):
 PSYoungGen      total 323584K, used 323557K [0x00000000e0000000, 0x00000000fa080000, 0x0000000100000000)
  eden space 308224K, 100% used [0x00000000e0000000,0x00000000f2d00000,0x00000000f2d00000)
  from space 15360K, 99% used [0x00000000f2d00000,0x00000000f3bf95b0,0x00000000f3c00000)
  to   space 21504K, 0% used [0x00000000f8b80000,0x00000000f8b80000,0x00000000fa080000)
 ParOldGen       total 74752K, used 47208K [0x00000000a0000000, 0x00000000a4900000, 0x00000000e0000000)
  object space 74752K, 63% used [0x00000000a0000000,0x00000000a2e1a168,0x00000000a4900000)
 Metaspace       used 63207K, capacity 64968K, committed 65280K, reserved 1105920K
  class space    used 8165K, capacity 8592K, committed 8704K, reserved 1048576K
Event: 34.615 GC heap after
Heap after GC invocations=23 (full 3):
 PSYoungGen      total 390144K, used 21503K [0x00000000e0000000, 0x00000000fbe80000, 0x0000000100000000)
  eden space 368640K, 0% used [0x00000000e0000000,0x00000000e0000000,0x00000000f6800000)
  from space 21504K, 99% used [0x00000000f8b80000,0x00000000fa07ffa0,0x00000000fa080000)
  to   space 36352K, 0% used [0x00000000f6800000,0x00000000f6800000,0x00000000f8b80000)
 ParOldGen       total 77312K, used 77234K [0x00000000a0000000, 0x00000000a4b80000, 0x00000000e0000000)
  object space 77312K, 99% used [0x00000000a0000000,0x00000000a4b6c948,0x00000000a4b80000)
 Metaspace       used 63207K, capacity 64968K, committed 65280K, reserved 1105920K
  class space    used 8165K, capacity 8592K, committed 8704K, reserved 1048576K
}
Event: 34.615 GC heap before
{Heap before GC invocations=24 (full 4):
 PSYoungGen      total 390144K, used 21503K [0x00000000e0000000, 0x00000000fbe80000, 0x0000000100000000)
  eden space 368640K, 0% used [0x00000000e0000000,0x00000000e0000000,0x00000000f6800000)
  from space 21504K, 99% used [0x00000000f8b80000,0x00000000fa07ffa0,0x00000000fa080000)
  to   space 36352K, 0% used [0x00000000f6800000,0x00000000f6800000,0x00000000f8b80000)
 ParOldGen       total 77312K, used 77234K [0x00000000a0000000, 0x00000000a4b80000, 0x00000000e0000000)
  object space 77312K, 99% used [0x00000000a0000000,0x00000000a4b6c948,0x00000000a4b80000)
 Metaspace       used 63207K, capacity 64968K, committed 65280K, reserved 1105920K
  class space    used 8165K, capacity 8592K, committed 8704K, reserved 1048576K
Event: 35.443 GC heap after
Heap after GC invocations=24 (full 4):
 PSYoungGen      total 390144K, used 5029K [0x00000000e0000000, 0x00000000fbe80000, 0x0000000100000000)
  eden space 368640K, 0% used [0x00000000e0000000,0x00000000e0000000,0x00000000f6800000)
  from space 21504K, 23% used [0x00000000f8b80000,0x00000000f90695a0,0x00000000fa080000)
  to   space 36352K, 0% used [0x00000000f6800000,0x00000000f6800000,0x00000000f8b80000)
 ParOldGen       total 135680K, used 77238K [0x00000000a0000000, 0x00000000a8480000, 0x00000000e0000000)
  object space 135680K, 56% used [0x00000000a0000000,0x00000000a4b6da68,0x00000000a8480000)
 Metaspace       used 63194K, capacity 64932K, committed 65280K, reserved 1105920K
  class space    used 8161K, capacity 8584K, committed 8704K, reserved 1048576K
}
Event: 37.655 GC heap before
{Heap before GC invocations=25 (full 4):
 PSYoungGen      total 390144K, used 373669K [0x00000000e0000000, 0x00000000fbe80000, 0x0000000100000000)
  eden space 368640K, 100% used [0x00000000e0000000,0x00000000f6800000,0x00000000f6800000)
  from space 21504K, 23% used [0x00000000f8b80000,0x00000000f90695a0,0x00000000fa080000)
  to   space 36352K, 0% used [0x00000000f6800000,0x00000000f6800000,0x00000000f8b80000)
 ParOldGen       total 135680K, used 77238K [0x00000000a0000000, 0x00000000a8480000, 0x00000000e0000000)
  object space 135680K, 56% used [0x00000000a0000000,0x00000000a4b6da68,0x00000000a8480000)
 Metaspace       used 63419K, capacity 65188K, committed 65536K, reserved 1105920K
  class space    used 8163K, capacity 8584K, committed 8704K, reserved 1048576K
Event: 37.798 GC heap after
Heap after GC invocations=25 (full 4):
 PSYoungGen      total 404992K, used 36328K [0x00000000e0000000, 0x0000000100000000, 0x0000000100000000)
  eden space 368640K, 0% used [0x00000000e0000000,0x00000000e0000000,0x00000000f6800000)
  from space 36352K, 99% used [0x00000000f6800000,0x00000000f8b7a298,0x00000000f8b80000)
  to   space 46080K, 0% used [0x00000000fd300000,0x00000000fd300000,0x0000000100000000)
 ParOldGen       total 135680K, used 86206K [0x00000000a0000000, 0x00000000a8480000, 0x00000000e0000000)
  object space 135680K, 63% used [0x00000000a0000000,0x00000000a542fab0,0x00000000a8480000)
 Metaspace       used 63419K, capacity 65188K, committed 65536K, reserved 1105920K
  class space    used 8163K, capacity 8584K, committed 8704K, reserved 1048576K
}
Event: 39.299 GC heap before
{Heap before GC invocations=26 (full 4):
 PSYoungGen      total 404992K, used 404968K [0x00000000e0000000, 0x0000000100000000, 0x0000000100000000)
  eden space 368640K, 100% used [0x00000000e0000000,0x00000000f6800000,0x00000000f6800000)
  from space 36352K, 99% used [0x00000000f6800000,0x00000000f8b7a298,0x00000000f8b80000)
  to   space 46080K, 0% used [0x00000000fd300000,0x00000000fd300000,0x0000000100000000)
 ParOldGen       total 135680K, used 86206K [0x00000000a0000000, 0x00000000a8480000, 0x00000000e0000000)
  object space 135680K, 63% used [0x00000000a0000000,0x00000000a542fab0,0x00000000a8480000)
 Metaspace       used 63594K, capacity 65380K, committed 65536K, reserved 1105920K
  class space    used 8164K, capacity 8584K, committed 8704K, reserved 1048576K
Event: 39.448 GC heap after
Heap after GC invocations=26 (full 4):
 PSYoungGen      total 442368K, used 46077K [0x00000000e0000000, 0x0000000100000000, 0x0000000100000000)
  eden space 396288K, 0% used [0x00000000e0000000,0x00000000e0000000,0x00000000f8300000)
  from space 46080K, 99% used [0x00000000fd300000,0x00000000fffff718,0x0000000100000000)
  to   space 64000K, 0% used [0x00000000f8300000,0x00000000f8300000,0x00000000fc180000)
 ParOldGen       total 135680K, used 111194K [0x00000000a0000000, 0x00000000a8480000, 0x00000000e0000000)
  object space 135680K, 81% used [0x00000000a0000000,0x00000000a6c96948,0x00000000a8480000)
 Metaspace       used 63594K, capacity 65380K, committed 65536K, reserved 1105920K
  class space    used 8164K, capacity 8584K, committed 8704K, reserved 1048576K
}
Event: 39.448 GC heap before
{Heap before GC invocations=27 (full 5):
 PSYoungGen      total 442368K, used 46077K [0x00000000e0000000, 0x0000000100000000, 0x0000000100000000)
  eden space 396288K, 0% used [0x00000000e0000000,0x00000000e0000000,0x00000000f8300000)
  from space 46080K, 99% used [0x00000000fd300000,0x00000000fffff718,0x0000000100000000)
  to   space 64000K, 0% used [0x00000000f8300000,0x00000000f8300000,0x00000000fc180000)
 ParOldGen       total 135680K, used 111194K [0x00000000a0000000, 0x00000000a8480000, 0x00000000e0000000)
  object space 135680K, 81% used [0x00000000a0000000,0x00000000a6c96948,0x00000000a8480000)
 Metaspace       used 63594K, capacity 65380K, committed 65536K, reserved 1105920K
  class space    used 8164K, capacity 8584K, committed 8704K, reserved 1048576K

